#
# A fatal error has been detected by the Java Runtime Environment:
#
#  SIGSEGV (0xb) at pc=0x00007fe90900399e, pid=15165, tid=140638678681344
#
# JRE version: Java(TM) SE Runtime Environment (7.0_51-b13) (build 1.7.0_51-b13)
# Java VM: Java HotSpot(TM) 64-Bit Server VM (24.51-b03 mixed mode linux-amd64 compressed oops)
# Problematic frame:
# V  [libjvm.so+0x69e99e]  JNIHandles::checked_resolve_jmethod_id(_jmethodID*)+0xe
#
# Failed to write core dump. Core dumps have been disabled. To enable core dumping, try "ulimit -c unlimited" before starting Java again
#
# If you would like to submit a bug report, please visit:
#   http://bugreport.sun.com/bugreport/crash.jsp
#

---------------  T H R E A D  ---------------

Current thread (0x00007fe904094000):  JavaThread "JDWP Transport Listener: dt_socket" daemon [_thread_in_vm, id=15176, stack(0x00007fe8fe6c0000,0x00007fe8fe7c1000)]

siginfo:si_signo=SIGSEGV: si_errno=0, si_code=128 (), si_addr=0x0000000000000000

Registers:
RAX=0x0000000000000001, RBX=0x00007fe9040040c0, RCX=0x00007fe90a1c62e0, RDX=0x00007fe9097a1000
RSP=0x00007fe8fe7bf920, RBP=0x00007fe8fe7bf930, RSI=0x00007fe904094000, RDI=0x73694c2f656c6261
R8 =0x0000000000000000, R9 =0x0000000000000000, R10=0x0000000000000002, R11=0x00007fe909959360
R12=0x0000000000000017, R13=0x73694c2f656c6261, R14=0x00007fe904094000, R15=0x00007fe8fe7bfa37
RIP=0x00007fe90900399e, EFLAGS=0x0000000000010202, CSGSFS=0x0000000000000033, ERR=0x0000000000000000
  TRAPNO=0x000000000000000d

Top of Stack: (sp=0x00007fe8fe7bf920)
0x00007fe8fe7bf920:   0000000000000074 00007fe9040040c0
0x00007fe8fe7bf930:   00007fe8fe7bf9a0 00007fe908ff4dce
0x00007fe8fe7bf940:   0000000000000073 00007fe8fe7bf950
0x00007fe8fe7bf950:   00007fe904094000 0000000000000000
0x00007fe8fe7bf960:   00007fe800000000 0000000000000000
0x00007fe8fe7bf970:   00007fe8fe7bf990 00007fe903fff120
0x00007fe8fe7bf980:   73694c2f656c6261 00007fe8fe7bfa37
0x00007fe8fe7bf990:   000000000000000f 00007fe8fe7bfa37
0x00007fe8fe7bf9a0:   00007fe8fe7bf9d0 00007fe903dea3f2
0x00007fe8fe7bf9b0:   00007fe8fe7bf9d0 73694c2f656c6261
0x00007fe8fe7bf9c0:   00007fe8fe7bfaa0 0000000000000078
0x00007fe8fe7bf9d0:   00007fe8fe7bfa60 00007fe903dcb9d0
0x00007fe8fe7bf9e0:   00007fe8fe7bfa18 00007fe8fe7bfa10
0x00007fe8fe7bf9f0:   00007fe8fe7bfa08 00007fe8fe7bfa2c
0x00007fe8fe7bfa00:   00000001ec0073c0 0000000000000000
0x00007fe8fe7bfa10:   0000000000000000 0000000000000000
0x00007fe8fe7bfa20:   00007fe8ec005a80 00000012fe7bfaa0
0x00007fe8fe7bfa30:   0000000000000010 0000000000000002
0x00007fe8fe7bfa40:   000000000000000f 0000000000000002
0x00007fe8fe7bfa50:   00000000000f0200 000000000000000f
0x00007fe8fe7bfa60:   00007fe8fe7bfcb0 00007fe903dd68e6
0x00007fe8fe7bfa70:   0000539e00000013 00007fe9090f0200
0x00007fe8fe7bfa80:   00007fe8e4068a70 00007fe904094000
0x00007fe8fe7bfa90:   00007fe8fe7bfaa0 00007fe8fe7bfc30
0x00007fe8fe7bfaa0:   00007fe8ec00c091 00007fe90000030f
0x00007fe8fe7bfab0:   00007fe8ec0037a0 000000000000012c
0x00007fe8fe7bfac0:   00007fe8fe7bfaf0 00007fe8ec003780
0x00007fe8fe7bfad0:   0000000000000000 0000539e0000000f
0x00007fe8fe7bfae0:   00007fe80000fb80 00007fe8fe7bfaf0
0x00007fe8fe7bfaf0:   e87f000010000000 09000000980a00ec
0x00007fe8fe7bfb00:   65245f3367616964 734c282400000071
0x00007fe8fe7bfb10:   6c6f632f616c6163 2f6e6f697463656c 

Instructions: (pc=0x00007fe90900399e)
0x00007fe90900397e:   20 00 e9 52 ff ff ff 90 90 90 90 90 90 90 90 90
0x00007fe90900398e:   90 90 55 48 89 e5 53 48 83 ec 08 48 85 ff 74 3c
0x00007fe90900399e:   48 8b 1f 48 85 db 74 34 48 b8 fe fe fe fe fe fe
0x00007fe9090039ae:   fe fe 48 39 c3 74 25 48 8b 05 ac 9d 75 00 80 38 

Register to memory mapping:

RAX=0x0000000000000001 is an unknown value
RBX=0x00007fe9040040c0 is an unknown value
RCX=0x00007fe90a1c62e0: <offset 0x2182e0> in /lib/x86_64-linux-gnu/libpthread.so.0 at 0x00007fe909fae000
RDX=0x00007fe9097a1000: <offset 0xe3c000> in /usr/local/java/jdk1.7.0_51/jre/lib/amd64/server/libjvm.so at 0x00007fe908965000
RSP=0x00007fe8fe7bf920 is pointing into the stack for thread: 0x00007fe904094000
RBP=0x00007fe8fe7bf930 is pointing into the stack for thread: 0x00007fe904094000
RSI=0x00007fe904094000 is a thread
RDI=0x73694c2f656c6261 is an unknown value
R8 =0x0000000000000000 is an unknown value
R9 =0x0000000000000000 is an unknown value
R10=0x0000000000000002 is an unknown value
R11=0x00007fe909959360: <offset 0x18e360> in /lib/x86_64-linux-gnu/libc.so.6 at 0x00007fe9097cb000
R12=0x0000000000000017 is an unknown value
R13=0x73694c2f656c6261 is an unknown value
R14=0x00007fe904094000 is a thread
R15=0x00007fe8fe7bfa37 is pointing into the stack for thread: 0x00007fe904094000


Stack: [0x00007fe8fe6c0000,0x00007fe8fe7c1000],  sp=0x00007fe8fe7bf920,  free space=1022k
Native frames: (J=compiled Java code, j=interpreted, Vv=VM code, C=native code)
V  [libjvm.so+0x69e99e]  JNIHandles::checked_resolve_jmethod_id(_jmethodID*)+0xe
V  [libjvm.so+0x68fdce]  jvmti_IsMethodSynthetic+0x23e
C  [libjdwp.so+0x253f2]  isMethodSynthetic+0x42
C  [libjdwp.so+0x69d0]  methods1+0x1b0
C  [libjdwp.so+0x118e6]  debugLoop_run+0x2b6
C  [libjdwp.so+0x2432f]  attachThread+0x2f
V  [libjvm.so+0x6f45a7]  JvmtiAgentThread::call_start_function()+0x97
V  [libjvm.so+0x94d5ff]  JavaThread::thread_main_inner()+0xdf
V  [libjvm.so+0x94d705]  JavaThread::run()+0xf5
V  [libjvm.so+0x815538]  java_start(Thread*)+0x108


---------------  P R O C E S S  ---------------

Java Threads: ( => current thread )
  0x00007fe90409f000 JavaThread "Service Thread" daemon [_thread_blocked, id=15185, stack(0x00007fe8fe1bb000,0x00007fe8fe2bc000)]
  0x00007fe90409c000 JavaThread "C2 CompilerThread1" daemon [_thread_blocked, id=15183, stack(0x00007fe8fe2bc000,0x00007fe8fe3bd000)]
  0x00007fe90409a000 JavaThread "C2 CompilerThread0" daemon [_thread_blocked, id=15181, stack(0x00007fe8fe3bd000,0x00007fe8fe4be000)]
  0x00007fe8ec001000 JavaThread "JDWP Command Reader" daemon [_thread_in_native, id=15179, stack(0x00007fe8fe4be000,0x00007fe8fe5bf000)]
  0x00007fe904097800 JavaThread "JDWP Event Helper Thread" daemon [_thread_blocked, id=15177, stack(0x00007fe8fe5bf000,0x00007fe8fe6c0000)]
=>0x00007fe904094000 JavaThread "JDWP Transport Listener: dt_socket" daemon [_thread_in_vm, id=15176, stack(0x00007fe8fe6c0000,0x00007fe8fe7c1000)]
  0x00007fe90407f000 JavaThread "Signal Dispatcher" daemon [_thread_blocked, id=15174, stack(0x00007fe8fe9c5000,0x00007fe8feac6000)]
  0x00007fe904069000 JavaThread "Finalizer" daemon [_thread_blocked, id=15170, stack(0x00007fe8feac6000,0x00007fe8febc7000)]
  0x00007fe904065000 JavaThread "Reference Handler" daemon [_thread_blocked, id=15169, stack(0x00007fe8febc7000,0x00007fe8fecc8000)]
  0x00007fe90400d000 JavaThread "main" [_thread_blocked, id=15167, stack(0x00007fe90a2cf000,0x00007fe90a3d0000)]

Other Threads:
  0x00007fe904062800 VMThread [stack: 0x00007fe8fecc8000,0x00007fe8fedc9000] [id=15168]
  0x00007fe9040aa000 WatcherThread [stack: 0x00007fe8fe0ba000,0x00007fe8fe1bb000] [id=15186]

VM state:not at safepoint (normal execution)

VM Mutex/Monitor currently owned by a thread: None

Heap
 def new generation   total 38336K, used 13897K [0x000000077e200000, 0x0000000780b90000, 0x00000007a7b50000)
  eden space 34112K,  40% used [0x000000077e200000, 0x000000077ef92658, 0x0000000780350000)
  from space 4224K,   0% used [0x0000000780350000, 0x0000000780350000, 0x0000000780770000)
  to   space 4224K,   0% used [0x0000000780770000, 0x0000000780770000, 0x0000000780b90000)
 tenured generation   total 85120K, used 0K [0x00000007a7b50000, 0x00000007ace70000, 0x00000007fae00000)
   the space 85120K,   0% used [0x00000007a7b50000, 0x00000007a7b50000, 0x00000007a7b50200, 0x00000007ace70000)
 compacting perm gen  total 21248K, used 6152K [0x00000007fae00000, 0x00000007fc2c0000, 0x0000000800000000)
   the space 21248K,  28% used [0x00000007fae00000, 0x00000007fb402180, 0x00000007fb402200, 0x00000007fc2c0000)
No shared spaces configured.

Card table byte_map: [0x00007fe8ff38e000,0x00007fe8ff79e000] byte_map_base: 0x00007fe8fb79d000

Polling page: 0x00007fe90a3ea000

Code Cache  [0x00007fe8ff79e000, 0x00007fe8ffa0e000, 0x00007fe90279e000)
 total_blobs=222 nmethods=24 adapters=160 free_code_cache=48661Kb largest_free_block=49788160

Compilation events (10 events):
Event: 1.267 Thread 0x00007fe90409a000   20             java.lang.String::startsWith (7 bytes)
Event: 1.269 Thread 0x00007fe90409a000 nmethod 20 0x00007fe8ff803410 code [0x00007fe8ff803560, 0x00007fe8ff8037f8]
Event: 1.321 Thread 0x00007fe90409c000   21             java.util.ArrayList::size (5 bytes)
Event: 1.322 Thread 0x00007fe90409c000 nmethod 21 0x00007fe8ff80ab10 code [0x00007fe8ff80ac40, 0x00007fe8ff80ac98]
Event: 1.322 Thread 0x00007fe90409c000   22  s!         sun.misc.URLClassPath::getLoader (154 bytes)
Event: 1.332 Thread 0x00007fe90409a000   23             sun.misc.URLClassPath::getResource (74 bytes)
Event: 1.360 Thread 0x00007fe90409c000 nmethod 22 0x00007fe8ff815510 code [0x00007fe8ff815740, 0x00007fe8ff8167d0]
Event: 1.400 Thread 0x00007fe90409c000   24   !         sun.misc.URLClassPath$JarLoader::getResource (91 bytes)
Event: 1.409 Thread 0x00007fe90409c000 nmethod 24 0x00007fe8ff812ed0 code [0x00007fe8ff8130e0, 0x00007fe8ff8136c0]
Event: 1.498 Thread 0x00007fe90409a000 nmethod 23 0x00007fe8ff81bf10 code [0x00007fe8ff81c440, 0x00007fe8ff81f930]

GC Heap History (0 events):
No events

Deoptimization events (0 events):
No events

Internal exceptions (10 events):
Event: 1.390 Thread 0x00007fe90400d000 Threw 0x000000077eefa1c8 at /HUDSON/workspace/7u-2-build-linux-amd64@2/jdk7u51/527/hotspot/src/share/vm/prims/jvm.cpp:1244
Event: 1.390 Thread 0x00007fe90400d000 Threw 0x000000077eefe268 at /HUDSON/workspace/7u-2-build-linux-amd64@2/jdk7u51/527/hotspot/src/share/vm/prims/jvm.cpp:1244
Event: 1.400 Thread 0x00007fe90400d000 Threw 0x000000077ef04228 at /HUDSON/workspace/7u-2-build-linux-amd64@2/jdk7u51/527/hotspot/src/share/vm/prims/jvm.cpp:1244
Event: 1.407 Thread 0x00007fe90400d000 Threw 0x000000077ef0fc78 at /HUDSON/workspace/7u-2-build-linux-amd64@2/jdk7u51/527/hotspot/src/share/vm/prims/jvm.cpp:1244
Event: 1.408 Thread 0x00007fe90400d000 Threw 0x000000077ef146e0 at /HUDSON/workspace/7u-2-build-linux-amd64@2/jdk7u51/527/hotspot/src/share/vm/prims/jvm.cpp:1244
Event: 1.413 Thread 0x00007fe90400d000 Threw 0x000000077ef1f1f8 at /HUDSON/workspace/7u-2-build-linux-amd64@2/jdk7u51/527/hotspot/src/share/vm/prims/jvm.cpp:1244
Event: 1.421 Thread 0x00007fe90400d000 Threw 0x000000077ef48418 at /HUDSON/workspace/7u-2-build-linux-amd64@2/jdk7u51/527/hotspot/src/share/vm/prims/jvm.cpp:1244
Event: 1.424 Thread 0x00007fe90400d000 Threw 0x000000077ef4b6f0 at /HUDSON/workspace/7u-2-build-linux-amd64@2/jdk7u51/527/hotspot/src/share/vm/prims/jvm.cpp:1244
Event: 1.426 Thread 0x00007fe90400d000 Threw 0x000000077ef50550 at /HUDSON/workspace/7u-2-build-linux-amd64@2/jdk7u51/527/hotspot/src/share/vm/prims/jvm.cpp:1244
Event: 1.427 Thread 0x00007fe90400d000 Threw 0x000000077ef53b10 at /HUDSON/workspace/7u-2-build-linux-amd64@2/jdk7u51/527/hotspot/src/share/vm/prims/jvm.cpp:1244

Events (10 events):
Event: 5150.949 Executing VM operation: ChangeBreakpoints
Event: 5150.949 Executing VM operation: ChangeBreakpoints done
Event: 5150.949 Executing VM operation: ChangeBreakpoints
Event: 5150.949 Executing VM operation: ChangeBreakpoints done
Event: 5292.910 Executing VM operation: ChangeBreakpoints
Event: 5292.910 Executing VM operation: ChangeBreakpoints done
Event: 5292.911 Executing VM operation: ChangeBreakpoints
Event: 5292.911 Executing VM operation: ChangeBreakpoints done
Event: 5292.913 Executing VM operation: RedefineClasses
Event: 5292.914 Executing VM operation: RedefineClasses done


Dynamic libraries:
00400000-00401000 r-xp 00000000 08:01 2232197                            /usr/local/java/jdk1.7.0_51/bin/java
00600000-00601000 rw-p 00000000 08:01 2232197                            /usr/local/java/jdk1.7.0_51/bin/java
02554000-0288f000 rw-p 00000000 00:00 0                                  [heap]
77e200000-780b90000 rw-p 00000000 00:00 0 
780b90000-7a7b50000 rw-p 00000000 00:00 0 
7a7b50000-7ace70000 rw-p 00000000 00:00 0 
7ace70000-7fae00000 rw-p 00000000 00:00 0 
7fae00000-7fc2c0000 rw-p 00000000 00:00 0 
7fc2c0000-800000000 rw-p 00000000 00:00 0 
7fe8e0000000-7fe8e0021000 rw-p 00000000 00:00 0 
7fe8e0021000-7fe8e4000000 ---p 00000000 00:00 0 
7fe8e4000000-7fe8e4114000 rw-p 00000000 00:00 0 
7fe8e4114000-7fe8e8000000 ---p 00000000 00:00 0 
7fe8e8000000-7fe8e8021000 rw-p 00000000 00:00 0 
7fe8e8021000-7fe8ec000000 ---p 00000000 00:00 0 
7fe8ec000000-7fe8ec021000 rw-p 00000000 00:00 0 
7fe8ec021000-7fe8f0000000 ---p 00000000 00:00 0 
7fe8f0000000-7fe8f0021000 rw-p 00000000 00:00 0 
7fe8f0021000-7fe8f4000000 ---p 00000000 00:00 0 
7fe8f4000000-7fe8f4021000 rw-p 00000000 00:00 0 
7fe8f4021000-7fe8f8000000 ---p 00000000 00:00 0 
7fe8f8000000-7fe8f8021000 rw-p 00000000 00:00 0 
7fe8f8021000-7fe8fc000000 ---p 00000000 00:00 0 
7fe8fdd5c000-7fe8fdfa1000 rw-p 00000000 00:00 0 
7fe8fdfa1000-7fe8fe012000 r--s 00658000 08:01 1333099                    /home/kishon/learnspace/scalasbt/lib/scala-library-2.10.0.jar
7fe8fe012000-7fe8fe0a1000 r--s 00de3000 08:01 2367422                    /usr/local/java/jdk1.7.0_51/jre/lib/jfxrt.jar
7fe8fe0a1000-7fe8fe0ba000 r--s 001dc000 08:01 2367349                    /usr/local/java/jdk1.7.0_51/jre/lib/deploy.jar
7fe8fe0ba000-7fe8fe0bb000 ---p 00000000 00:00 0 
7fe8fe0bb000-7fe8fe1bb000 rw-p 00000000 00:00 0                          [stack:15186]
7fe8fe1bb000-7fe8fe1be000 ---p 00000000 00:00 0 
7fe8fe1be000-7fe8fe2bc000 rw-p 00000000 00:00 0                          [stack:15185]
7fe8fe2bc000-7fe8fe2bf000 ---p 00000000 00:00 0 
7fe8fe2bf000-7fe8fe3bd000 rw-p 00000000 00:00 0                          [stack:15183]
7fe8fe3bd000-7fe8fe3c0000 ---p 00000000 00:00 0 
7fe8fe3c0000-7fe8fe4be000 rw-p 00000000 00:00 0                          [stack:15181]
7fe8fe4be000-7fe8fe4c1000 ---p 00000000 00:00 0 
7fe8fe4c1000-7fe8fe5bf000 rw-p 00000000 00:00 0                          [stack:15179]
7fe8fe5bf000-7fe8fe5c2000 ---p 00000000 00:00 0 
7fe8fe5c2000-7fe8fe6c0000 rw-p 00000000 00:00 0                          [stack:15177]
7fe8fe6c0000-7fe8fe6c3000 ---p 00000000 00:00 0 
7fe8fe6c3000-7fe8fe7c1000 rw-p 00000000 00:00 0                          [stack:15176]
7fe8fe7c1000-7fe8fe7c5000 r-xp 00000000 08:01 2367380                    /usr/local/java/jdk1.7.0_51/jre/lib/amd64/libdt_socket.so
7fe8fe7c5000-7fe8fe9c4000 ---p 00004000 08:01 2367380                    /usr/local/java/jdk1.7.0_51/jre/lib/amd64/libdt_socket.so
7fe8fe9c4000-7fe8fe9c5000 rw-p 00003000 08:01 2367380                    /usr/local/java/jdk1.7.0_51/jre/lib/amd64/libdt_socket.so
7fe8fe9c5000-7fe8fe9c8000 ---p 00000000 00:00 0 
7fe8fe9c8000-7fe8feac6000 rw-p 00000000 00:00 0                          [stack:15174]
7fe8feac6000-7fe8feac9000 ---p 00000000 00:00 0 
7fe8feac9000-7fe8febc7000 rw-p 00000000 00:00 0                          [stack:15170]
7fe8febc7000-7fe8febca000 ---p 00000000 00:00 0 
7fe8febca000-7fe8fecc8000 rw-p 00000000 00:00 0                          [stack:15169]
7fe8fecc8000-7fe8fecc9000 ---p 00000000 00:00 0 
7fe8fecc9000-7fe8fee14000 rw-p 00000000 00:00 0                          [stack:15168]
7fe8fee14000-7fe8fefd1000 r--s 039bf000 08:01 2367420                    /usr/local/java/jdk1.7.0_51/jre/lib/rt.jar
7fe8fefd1000-7fe8ff0d5000 rw-p 00000000 00:00 0 
7fe8ff0d5000-7fe8ff0f4000 rw-p 00000000 00:00 0 
7fe8ff0f4000-7fe8ff11e000 rw-p 00000000 00:00 0 
7fe8ff11e000-7fe8ff38e000 rw-p 00000000 00:00 0 
7fe8ff38e000-7fe8ff3a3000 rw-p 00000000 00:00 0 
7fe8ff3a3000-7fe8ff4da000 rw-p 00000000 00:00 0 
7fe8ff4da000-7fe8ff505000 rw-p 00000000 00:00 0 
7fe8ff505000-7fe8ff774000 rw-p 00000000 00:00 0 
7fe8ff774000-7fe8ff77f000 rw-p 00000000 00:00 0 
7fe8ff77f000-7fe8ff79d000 rw-p 00000000 00:00 0 
7fe8ff79d000-7fe8ff79e000 rw-p 00000000 00:00 0 
7fe8ff79e000-7fe8ffa0e000 rwxp 00000000 00:00 0 
7fe8ffa0e000-7fe90279e000 rw-p 00000000 00:00 0 
7fe90279e000-7fe9027b8000 r-xp 00000000 08:01 2367410                    /usr/local/java/jdk1.7.0_51/jre/lib/amd64/libzip.so
7fe9027b8000-7fe9029b8000 ---p 0001a000 08:01 2367410                    /usr/local/java/jdk1.7.0_51/jre/lib/amd64/libzip.so
7fe9029b8000-7fe9029b9000 rw-p 0001a000 08:01 2367410                    /usr/local/java/jdk1.7.0_51/jre/lib/amd64/libzip.so
7fe9029b9000-7fe9029c5000 r-xp 00000000 08:01 2101054                    /lib/x86_64-linux-gnu/libnss_files-2.17.so
7fe9029c5000-7fe902bc4000 ---p 0000c000 08:01 2101054                    /lib/x86_64-linux-gnu/libnss_files-2.17.so
7fe902bc4000-7fe902bc5000 r--p 0000b000 08:01 2101054                    /lib/x86_64-linux-gnu/libnss_files-2.17.so
7fe902bc5000-7fe902bc6000 rw-p 0000c000 08:01 2101054                    /lib/x86_64-linux-gnu/libnss_files-2.17.so
7fe902bc6000-7fe902bd1000 r-xp 00000000 08:01 2101049                    /lib/x86_64-linux-gnu/libnss_nis-2.17.so
7fe902bd1000-7fe902dd0000 ---p 0000b000 08:01 2101049                    /lib/x86_64-linux-gnu/libnss_nis-2.17.so
7fe902dd0000-7fe902dd1000 r--p 0000a000 08:01 2101049                    /lib/x86_64-linux-gnu/libnss_nis-2.17.so
7fe902dd1000-7fe902dd2000 rw-p 0000b000 08:01 2101049                    /lib/x86_64-linux-gnu/libnss_nis-2.17.so
7fe902dd2000-7fe902de9000 r-xp 00000000 08:01 2097966                    /lib/x86_64-linux-gnu/libnsl-2.17.so
7fe902de9000-7fe902fe8000 ---p 00017000 08:01 2097966                    /lib/x86_64-linux-gnu/libnsl-2.17.so
7fe902fe8000-7fe902fe9000 r--p 00016000 08:01 2097966                    /lib/x86_64-linux-gnu/libnsl-2.17.so
7fe902fe9000-7fe902fea000 rw-p 00017000 08:01 2097966                    /lib/x86_64-linux-gnu/libnsl-2.17.so
7fe902fea000-7fe902fec000 rw-p 00000000 00:00 0 
7fe902fec000-7fe902ff4000 r-xp 00000000 08:01 2100996                    /lib/x86_64-linux-gnu/libnss_compat-2.17.so
7fe902ff4000-7fe9031f3000 ---p 00008000 08:01 2100996                    /lib/x86_64-linux-gnu/libnss_compat-2.17.so
7fe9031f3000-7fe9031f4000 r--p 00007000 08:01 2100996                    /lib/x86_64-linux-gnu/libnss_compat-2.17.so
7fe9031f4000-7fe9031f5000 rw-p 00008000 08:01 2100996                    /lib/x86_64-linux-gnu/libnss_compat-2.17.so
7fe9031f5000-7fe903bc2000 r--p 00000000 08:01 2234036                    /usr/lib/locale/locale-archive
7fe903bc2000-7fe903bc5000 r-xp 00000000 08:01 2367371                    /usr/local/java/jdk1.7.0_51/jre/lib/amd64/libnpt.so
7fe903bc5000-7fe903dc4000 ---p 00003000 08:01 2367371                    /usr/local/java/jdk1.7.0_51/jre/lib/amd64/libnpt.so
7fe903dc4000-7fe903dc5000 rw-p 00002000 08:01 2367371                    /usr/local/java/jdk1.7.0_51/jre/lib/amd64/libnpt.so
7fe903dc5000-7fe903dfe000 r-xp 00000000 08:01 2367413                    /usr/local/java/jdk1.7.0_51/jre/lib/amd64/libjdwp.so
7fe903dfe000-7fe903ffe000 ---p 00039000 08:01 2367413                    /usr/local/java/jdk1.7.0_51/jre/lib/amd64/libjdwp.so
7fe903ffe000-7fe903fff000 rw-p 00039000 08:01 2367413                    /usr/local/java/jdk1.7.0_51/jre/lib/amd64/libjdwp.so
7fe903fff000-7fe904000000 rw-p 00000000 00:00 0 
7fe904000000-7fe904238000 rw-p 00000000 00:00 0 
7fe904238000-7fe908000000 ---p 00000000 00:00 0 
7fe90800d000-7fe908016000 r--s 00067000 08:01 2367418                    /usr/local/java/jdk1.7.0_51/jre/lib/javaws.jar
7fe908016000-7fe908020000 r--s 00250000 08:01 2367350                    /usr/local/java/jdk1.7.0_51/jre/lib/resources.jar
7fe908020000-7fe908049000 r-xp 00000000 08:01 2367397                    /usr/local/java/jdk1.7.0_51/jre/lib/amd64/libjava.so
7fe908049000-7fe908249000 ---p 00029000 08:01 2367397                    /usr/local/java/jdk1.7.0_51/jre/lib/amd64/libjava.so
7fe908249000-7fe90824b000 rw-p 00029000 08:01 2367397                    /usr/local/java/jdk1.7.0_51/jre/lib/amd64/libjava.so
7fe90824b000-7fe908258000 r-xp 00000000 08:01 2367395                    /usr/local/java/jdk1.7.0_51/jre/lib/amd64/libverify.so
7fe908258000-7fe908457000 ---p 0000d000 08:01 2367395                    /usr/local/java/jdk1.7.0_51/jre/lib/amd64/libverify.so
7fe908457000-7fe908459000 rw-p 0000c000 08:01 2367395                    /usr/local/java/jdk1.7.0_51/jre/lib/amd64/libverify.so
7fe908459000-7fe908460000 r-xp 00000000 08:01 2101056                    /lib/x86_64-linux-gnu/librt-2.17.so
7fe908460000-7fe90865f000 ---p 00007000 08:01 2101056                    /lib/x86_64-linux-gnu/librt-2.17.so
7fe90865f000-7fe908660000 r--p 00006000 08:01 2101056                    /lib/x86_64-linux-gnu/librt-2.17.so
7fe908660000-7fe908661000 rw-p 00007000 08:01 2101056                    /lib/x86_64-linux-gnu/librt-2.17.so
7fe908661000-7fe908764000 r-xp 00000000 08:01 2101006                    /lib/x86_64-linux-gnu/libm-2.17.so
7fe908764000-7fe908963000 ---p 00103000 08:01 2101006                    /lib/x86_64-linux-gnu/libm-2.17.so
7fe908963000-7fe908964000 r--p 00102000 08:01 2101006                    /lib/x86_64-linux-gnu/libm-2.17.so
7fe908964000-7fe908965000 rw-p 00103000 08:01 2101006                    /lib/x86_64-linux-gnu/libm-2.17.so
7fe908965000-7fe9094c7000 r-xp 00000000 08:01 2499883                    /usr/local/java/jdk1.7.0_51/jre/lib/amd64/server/libjvm.so
7fe9094c7000-7fe9096c7000 ---p 00b62000 08:01 2499883                    /usr/local/java/jdk1.7.0_51/jre/lib/amd64/server/libjvm.so
7fe9096c7000-7fe90978a000 rw-p 00b62000 08:01 2499883                    /usr/local/java/jdk1.7.0_51/jre/lib/amd64/server/libjvm.so
7fe90978a000-7fe9097cb000 rw-p 00000000 00:00 0 
7fe9097cb000-7fe909988000 r-xp 00000000 08:01 2101154                    /lib/x86_64-linux-gnu/libc-2.17.so
7fe909988000-7fe909b88000 ---p 001bd000 08:01 2101154                    /lib/x86_64-linux-gnu/libc-2.17.so
7fe909b88000-7fe909b8c000 r--p 001bd000 08:01 2101154                    /lib/x86_64-linux-gnu/libc-2.17.so
7fe909b8c000-7fe909b8e000 rw-p 001c1000 08:01 2101154                    /lib/x86_64-linux-gnu/libc-2.17.so
7fe909b8e000-7fe909b93000 rw-p 00000000 00:00 0 
7fe909b93000-7fe909b96000 r-xp 00000000 08:01 2101157                    /lib/x86_64-linux-gnu/libdl-2.17.so
7fe909b96000-7fe909d95000 ---p 00003000 08:01 2101157                    /lib/x86_64-linux-gnu/libdl-2.17.so
7fe909d95000-7fe909d96000 r--p 00002000 08:01 2101157                    /lib/x86_64-linux-gnu/libdl-2.17.so
7fe909d96000-7fe909d97000 rw-p 00003000 08:01 2101157                    /lib/x86_64-linux-gnu/libdl-2.17.so
7fe909d97000-7fe909dad000 r-xp 00000000 08:01 2232262                    /usr/local/java/jdk1.7.0_51/lib/amd64/jli/libjli.so
7fe909dad000-7fe909fad000 ---p 00016000 08:01 2232262                    /usr/local/java/jdk1.7.0_51/lib/amd64/jli/libjli.so
7fe909fad000-7fe909fae000 rw-p 00016000 08:01 2232262                    /usr/local/java/jdk1.7.0_51/lib/amd64/jli/libjli.so
7fe909fae000-7fe909fc5000 r-xp 00000000 08:01 2101161                    /lib/x86_64-linux-gnu/libpthread-2.17.so
7fe909fc5000-7fe90a1c5000 ---p 00017000 08:01 2101161                    /lib/x86_64-linux-gnu/libpthread-2.17.so
7fe90a1c5000-7fe90a1c6000 r--p 00017000 08:01 2101161                    /lib/x86_64-linux-gnu/libpthread-2.17.so
7fe90a1c6000-7fe90a1c7000 rw-p 00018000 08:01 2101161                    /lib/x86_64-linux-gnu/libpthread-2.17.so
7fe90a1c7000-7fe90a1cb000 rw-p 00000000 00:00 0 
7fe90a1cb000-7fe90a1ee000 r-xp 00000000 08:01 2101038                    /lib/x86_64-linux-gnu/ld-2.17.so
7fe90a1ef000-7fe90a1f1000 rw-p 00000000 00:00 0 
7fe90a1f1000-7fe90a204000 r--s 000d4000 08:01 2367243                    /usr/local/java/jdk1.7.0_51/jre/lib/plugin.jar
7fe90a204000-7fe90a20f000 r--s 0037c000 08:01 2367244                    /usr/local/java/jdk1.7.0_51/jre/lib/charsets.jar
7fe90a20f000-7fe90a219000 rw-p 00000000 00:00 0 
7fe90a219000-7fe90a2cf000 rw-p 00000000 00:00 0 
7fe90a2cf000-7fe90a2d2000 ---p 00000000 00:00 0 
7fe90a2d2000-7fe90a3d4000 rw-p 00000000 00:00 0                          [stack:15167]
7fe90a3d4000-7fe90a3da000 r--s 0007d000 08:01 2367352                    /usr/local/java/jdk1.7.0_51/jre/lib/jfr.jar
7fe90a3da000-7fe90a3db000 r--s 00000000 08:01 2367417                    /usr/local/java/jdk1.7.0_51/jre/lib/management-agent.jar
7fe90a3db000-7fe90a3df000 r--s 0008a000 08:01 2367345                    /usr/local/java/jdk1.7.0_51/jre/lib/jsse.jar
7fe90a3df000-7fe90a3e1000 r--s 00019000 08:01 2367435                    /usr/local/java/jdk1.7.0_51/jre/lib/jce.jar
7fe90a3e1000-7fe90a3e9000 rw-s 00000000 08:01 1333196                    /tmp/hsperfdata_kishon/15165
7fe90a3e9000-7fe90a3ea000 rw-p 00000000 00:00 0 
7fe90a3ea000-7fe90a3eb000 r--p 00000000 00:00 0 
7fe90a3eb000-7fe90a3ed000 rw-p 00000000 00:00 0 
7fe90a3ed000-7fe90a3ee000 r--p 00022000 08:01 2101038                    /lib/x86_64-linux-gnu/ld-2.17.so
7fe90a3ee000-7fe90a3f0000 rw-p 00023000 08:01 2101038                    /lib/x86_64-linux-gnu/ld-2.17.so
7fff7675a000-7fff7677b000 rw-p 00000000 00:00 0                          [stack]
7fff767fe000-7fff76800000 r-xp 00000000 00:00 0                          [vdso]
ffffffffff600000-ffffffffff601000 r-xp 00000000 00:00 0                  [vsyscall]

VM Arguments:
jvm_args: -agentlib:jdwp=transport=dt_socket,address=127.0.0.1:46679,suspend=y,server=n -Dfile.encoding=UTF-8 
java_command: Converter
Launcher Type: SUN_STANDARD

Environment Variables:
JAVA_HOME=/usr/local/java/jdk1.7.0_51
CLASSPATH=/home/kishon/opt/idea-IU-135.480/bin/../lib/bootstrap.jar:/home/kishon/opt/idea-IU-135.480/bin/../lib/extensions.jar:/home/kishon/opt/idea-IU-135.480/bin/../lib/util.jar:/home/kishon/opt/idea-IU-135.480/bin/../lib/jdom.jar:/home/kishon/opt/idea-IU-135.480/bin/../lib/log4j.jar:/home/kishon/opt/idea-IU-135.480/bin/../lib/trove4j.jar:/home/kishon/opt/idea-IU-135.480/bin/../lib/jna.jar:/usr/local/java/jdk1.7.0_51/lib/tools.jar
PATH=/usr/lib/lightdm/lightdm:/usr/local/sbin:/usr/local/bin:/usr/sbin:/usr/bin:/sbin:/bin:/usr/games:/usr/local/games:/home/kishon/bin:/usr/local/java/jdk1.7.0_51/bin:/usr/share/tomcat7/bin:/home/kishon/bin:/usr/local/java/jdk1.7.0_51/bin:/usr/share/tomcat7/bin
LD_LIBRARY_PATH=/home/kishon/opt/idea-IU-135.480/bin:
SHELL=/bin/bash
DISPLAY=:0.0

Signal Handlers:
SIGSEGV: [libjvm.so+0x993870], sa_mask[0]=0x7ffbfeff, sa_flags=0x10000004
SIGBUS: [libjvm.so+0x993870], sa_mask[0]=0x7ffbfeff, sa_flags=0x10000004
SIGFPE: [libjvm.so+0x8105b0], sa_mask[0]=0x7ffbfeff, sa_flags=0x10000004
SIGPIPE: [libjvm.so+0x8105b0], sa_mask[0]=0x7ffbfeff, sa_flags=0x10000004
SIGXFSZ: [libjvm.so+0x8105b0], sa_mask[0]=0x7ffbfeff, sa_flags=0x10000004
SIGILL: [libjvm.so+0x8105b0], sa_mask[0]=0x7ffbfeff, sa_flags=0x10000004
SIGUSR1: SIG_DFL, sa_mask[0]=0x00000000, sa_flags=0x00000000
SIGUSR2: [libjvm.so+0x811aa0], sa_mask[0]=0x00000004, sa_flags=0x10000004
SIGHUP: [libjvm.so+0x812a10], sa_mask[0]=0x7ffbfeff, sa_flags=0x10000004
SIGINT: SIG_IGN, sa_mask[0]=0x00000000, sa_flags=0x00000000
SIGTERM: [libjvm.so+0x812a10], sa_mask[0]=0x7ffbfeff, sa_flags=0x10000004
SIGQUIT: [libjvm.so+0x812a10], sa_mask[0]=0x7ffbfeff, sa_flags=0x10000004


---------------  S Y S T E M  ---------------

OS:wheezy/sid

uname:Linux 3.11.0-20-generic #35-Ubuntu SMP Fri May 2 21:32:49 UTC 2014 x86_64
libc:glibc 2.17 NPTL 2.17 
rlimit: STACK 8192k, CORE 0k, NPROC 63671, NOFILE 4096, AS infinity
load average:0.10 0.10 0.11

/proc/meminfo:
MemTotal:        8170112 kB
MemFree:         3366860 kB
Buffers:          451524 kB
Cached:          1617812 kB
SwapCached:            0 kB
Active:          2893112 kB
Inactive:        1087524 kB
Active(anon):    1913028 kB
Inactive(anon):    17780 kB
Active(file):     980084 kB
Inactive(file):  1069744 kB
Unevictable:          96 kB
Mlocked:              96 kB
SwapTotal:       2094076 kB
SwapFree:        2094076 kB
Dirty:               432 kB
Writeback:             0 kB
AnonPages:       1911360 kB
Mapped:           188832 kB
Shmem:             19540 kB
Slab:             701656 kB
SReclaimable:     665996 kB
SUnreclaim:        35660 kB
KernelStack:        6160 kB
PageTables:        32844 kB
NFS_Unstable:          0 kB
Bounce:                0 kB
WritebackTmp:          0 kB
CommitLimit:     6179132 kB
Committed_AS:    4763656 kB
VmallocTotal:   34359738367 kB
VmallocUsed:      305344 kB
VmallocChunk:   34359418880 kB
HardwareCorrupted:     0 kB
AnonHugePages:         0 kB
HugePages_Total:       0
HugePages_Free:        0
HugePages_Rsvd:        0
HugePages_Surp:        0
Hugepagesize:       2048 kB
DirectMap4k:       49024 kB
DirectMap2M:     8339456 kB


CPU:total 1 (1 cores per cpu, 1 threads per core) family 6 model 58 stepping 9, cmov, cx8, fxsr, mmx, sse, sse2, sse3, ssse3, sse4.1, sse4.2, popcnt, avx, aes, erms, tsc, tscinvbit, tscinv

/proc/cpuinfo:
processor	: 0
vendor_id	: GenuineIntel
cpu family	: 6
model		: 58
model name	: Intel(R) Core(TM) i7-3840QM CPU @ 2.80GHz
stepping	: 9
microcode	: 0x19
cpu MHz		: 2793.699
cache size	: 8192 KB
fpu		: yes
fpu_exception	: yes
cpuid level	: 13
wp		: yes
flags		: fpu vme de pse tsc msr pae mce cx8 apic sep mtrr pge mca cmov pat pse36 clflush dts mmx fxsr sse sse2 ss syscall nx rdtscp lm constant_tsc arch_perfmon pebs bts nopl xtopology tsc_reliable nonstop_tsc aperfmperf eagerfpu pni pclmulqdq ssse3 cx16 pcid sse4_1 sse4_2 x2apic popcnt aes xsave avx f16c rdrand hypervisor lahf_lm ida arat epb xsaveopt pln pts dtherm fsgsbase smep
bogomips	: 5587.39
clflush size	: 64
cache_alignment	: 64
address sizes	: 40 bits physical, 48 bits virtual
power management:



Memory: 4k page, physical 8170112k(3366860k free), swap 2094076k(2094076k free)

vm_info: Java HotSpot(TM) 64-Bit Server VM (24.51-b03) for linux-amd64 JRE (1.7.0_51-b13), built on Dec 18 2013 18:48:01 by "java_re" with gcc 4.3.0 20080428 (Red Hat 4.3.0-8)

time: Fri May 16 01:18:56 2014
elapsed time: 5292 seconds

