#
# A fatal error has been detected by the Java Runtime Environment:
#
#  SIGSEGV (0xb) at pc=0x00007fe941d7b99e, pid=15254, tid=140639632303872
#
# JRE version: Java(TM) SE Runtime Environment (7.0_51-b13) (build 1.7.0_51-b13)
# Java VM: Java HotSpot(TM) 64-Bit Server VM (24.51-b03 mixed mode linux-amd64 compressed oops)
# Problematic frame:
# V  [libjvm.so+0x69e99e]  JNIHandles::checked_resolve_jmethod_id(_jmethodID*)+0xe
#
# Failed to write core dump. Core dumps have been disabled. To enable core dumping, try "ulimit -c unlimited" before starting Java again
#
# If you would like to submit a bug report, please visit:
#   http://bugreport.sun.com/bugreport/crash.jsp
#

---------------  T H R E A D  ---------------

Current thread (0x00007fe93c094000):  JavaThread "JDWP Transport Listener: dt_socket" daemon [_thread_in_vm, id=15261, stack(0x00007fe937432000,0x00007fe937533000)]

siginfo:si_signo=SIGSEGV: si_errno=0, si_code=128 (), si_addr=0x0000000000000000

Registers:
RAX=0x0000000000000001, RBX=0x00007fe93c0040c0, RCX=0x00007fe942f3e2e0, RDX=0x00007fe942519000
RSP=0x00007fe9375318a0, RBP=0x00007fe9375318b0, RSI=0x00007fe93c094000, RDI=0x73694c2f656c6261
R8 =0x0000000000000000, R9 =0x0000000000000000, R10=0x0000000000000020, R11=0x00007fe9426d1360
R12=0x0000000000000017, R13=0x73694c2f656c6261, R14=0x00007fe93c094000, R15=0x00007fe9375319b7
RIP=0x00007fe941d7b99e, EFLAGS=0x0000000000010202, CSGSFS=0x0000000000000033, ERR=0x0000000000000000
  TRAPNO=0x000000000000000d

Top of Stack: (sp=0x00007fe9375318a0)
0x00007fe9375318a0:   0000000000000074 00007fe93c0040c0
0x00007fe9375318b0:   00007fe937531920 00007fe941d6cdce
0x00007fe9375318c0:   0000000000000073 00007fe9375318d0
0x00007fe9375318d0:   00007fe93c094000 0000000000000000
0x00007fe9375318e0:   00007fe900000000 0000000000000000
0x00007fe9375318f0:   00007fe937531910 00007fe940d97120
0x00007fe937531900:   73694c2f656c6261 00007fe9375319b7
0x00007fe937531910:   000000000000000f 00007fe9375319b7
0x00007fe937531920:   00007fe937531950 00007fe940b823f2
0x00007fe937531930:   00007fe937531950 73694c2f656c6261
0x00007fe937531940:   00007fe937531a20 0000000000000078
0x00007fe937531950:   00007fe9375319e0 00007fe940b639d0
0x00007fe937531960:   00007fe937531998 00007fe937531990
0x00007fe937531970:   00007fe937531988 00007fe9375319ac
0x00007fe937531980:   0000000124005e50 0000000000000000
0x00007fe937531990:   0000000000000000 0000000000000000
0x00007fe9375319a0:   00007fe924005d00 0000000137531a20
0x00007fe9375319b0:   0000000000000010 0000000000000002
0x00007fe9375319c0:   000000000000000f 0000000000000002
0x00007fe9375319d0:   00000000000f0200 000000000000000f
0x00007fe9375319e0:   00007fe937531c30 00007fe940b6e8e6
0x00007fe9375319f0:   000054b600000013 00007fe9410f0200
0x00007fe937531a00:   00007fe91c036810 00007fe93c094000
0x00007fe937531a10:   00007fe937531a20 00007fe937531bb0
0x00007fe937531a20:   00007fe92400bd31 00007fe90000030f
0x00007fe937531a30:   00007fe92400ef60 000000000000012c
0x00007fe937531a40:   00007fe937531a70 00007fe924009160
0x00007fe937531a50:   0000000000000000 000054b60000000f
0x00007fe937531a60:   00007fe900001b80 00007fe937531a70
0x00007fe937531a70:   e97f000010000000 04000000980a0024
0x00007fe937531a80:   1500000073677261 6176616a4c5b2928
0x00007fe937531a90:   74532f676e616c2f 0000003b676e6972 

Instructions: (pc=0x00007fe941d7b99e)
0x00007fe941d7b97e:   20 00 e9 52 ff ff ff 90 90 90 90 90 90 90 90 90
0x00007fe941d7b98e:   90 90 55 48 89 e5 53 48 83 ec 08 48 85 ff 74 3c
0x00007fe941d7b99e:   48 8b 1f 48 85 db 74 34 48 b8 fe fe fe fe fe fe
0x00007fe941d7b9ae:   fe fe 48 39 c3 74 25 48 8b 05 ac 9d 75 00 80 38 

Register to memory mapping:

RAX=0x0000000000000001 is an unknown value
RBX=0x00007fe93c0040c0 is an unknown value
RCX=0x00007fe942f3e2e0: <offset 0x2182e0> in /lib/x86_64-linux-gnu/libpthread.so.0 at 0x00007fe942d26000
RDX=0x00007fe942519000: <offset 0xe3c000> in /usr/local/java/jdk1.7.0_51/jre/lib/amd64/server/libjvm.so at 0x00007fe9416dd000
RSP=0x00007fe9375318a0 is pointing into the stack for thread: 0x00007fe93c094000
RBP=0x00007fe9375318b0 is pointing into the stack for thread: 0x00007fe93c094000
RSI=0x00007fe93c094000 is a thread
RDI=0x73694c2f656c6261 is an unknown value
R8 =0x0000000000000000 is an unknown value
R9 =0x0000000000000000 is an unknown value
R10=0x0000000000000020 is an unknown value
R11=0x00007fe9426d1360: <offset 0x18e360> in /lib/x86_64-linux-gnu/libc.so.6 at 0x00007fe942543000
R12=0x0000000000000017 is an unknown value
R13=0x73694c2f656c6261 is an unknown value
R14=0x00007fe93c094000 is a thread
R15=0x00007fe9375319b7 is pointing into the stack for thread: 0x00007fe93c094000


Stack: [0x00007fe937432000,0x00007fe937533000],  sp=0x00007fe9375318a0,  free space=1022k
Native frames: (J=compiled Java code, j=interpreted, Vv=VM code, C=native code)
V  [libjvm.so+0x69e99e]  JNIHandles::checked_resolve_jmethod_id(_jmethodID*)+0xe
V  [libjvm.so+0x68fdce]  jvmti_IsMethodSynthetic+0x23e
C  [libjdwp.so+0x253f2]  isMethodSynthetic+0x42
C  [libjdwp.so+0x69d0]  methods1+0x1b0
C  [libjdwp.so+0x118e6]  debugLoop_run+0x2b6
C  [libjdwp.so+0x2432f]  attachThread+0x2f
V  [libjvm.so+0x6f45a7]  JvmtiAgentThread::call_start_function()+0x97
V  [libjvm.so+0x94d5ff]  JavaThread::thread_main_inner()+0xdf
V  [libjvm.so+0x94d705]  JavaThread::run()+0xf5
V  [libjvm.so+0x815538]  java_start(Thread*)+0x108


---------------  P R O C E S S  ---------------

Java Threads: ( => current thread )
  0x00007fe93c09f000 JavaThread "Service Thread" daemon [_thread_blocked, id=15267, stack(0x00007fe936f2d000,0x00007fe93702e000)]
  0x00007fe93c09c000 JavaThread "C2 CompilerThread1" daemon [_thread_blocked, id=15266, stack(0x00007fe93702e000,0x00007fe93712f000)]
  0x00007fe93c09a000 JavaThread "C2 CompilerThread0" daemon [_thread_blocked, id=15265, stack(0x00007fe93712f000,0x00007fe937230000)]
  0x00007fe924001000 JavaThread "JDWP Command Reader" daemon [_thread_in_native, id=15264, stack(0x00007fe937230000,0x00007fe937331000)]
  0x00007fe93c097800 JavaThread "JDWP Event Helper Thread" daemon [_thread_blocked, id=15262, stack(0x00007fe937331000,0x00007fe937432000)]
=>0x00007fe93c094000 JavaThread "JDWP Transport Listener: dt_socket" daemon [_thread_in_vm, id=15261, stack(0x00007fe937432000,0x00007fe937533000)]
  0x00007fe93c07f000 JavaThread "Signal Dispatcher" daemon [_thread_blocked, id=15259, stack(0x00007fe937737000,0x00007fe937838000)]
  0x00007fe93c069000 JavaThread "Finalizer" daemon [_thread_blocked, id=15258, stack(0x00007fe937838000,0x00007fe937939000)]
  0x00007fe93c065000 JavaThread "Reference Handler" daemon [_thread_blocked, id=15257, stack(0x00007fe937939000,0x00007fe937a3a000)]
  0x00007fe93c00d000 JavaThread "main" [_thread_blocked, id=15255, stack(0x00007fe943047000,0x00007fe943148000)]

Other Threads:
  0x00007fe93c062800 VMThread [stack: 0x00007fe937a3a000,0x00007fe937b3b000] [id=15256]
  0x00007fe93c0aa000 WatcherThread [stack: 0x00007fe936e2c000,0x00007fe936f2d000] [id=15268]

VM state:not at safepoint (normal execution)

VM Mutex/Monitor currently owned by a thread: None

Heap
 def new generation   total 38336K, used 13848K [0x000000077e200000, 0x0000000780b90000, 0x00000007a7b50000)
  eden space 34112K,  40% used [0x000000077e200000, 0x000000077ef86370, 0x0000000780350000)
  from space 4224K,   0% used [0x0000000780350000, 0x0000000780350000, 0x0000000780770000)
  to   space 4224K,   0% used [0x0000000780770000, 0x0000000780770000, 0x0000000780b90000)
 tenured generation   total 85120K, used 0K [0x00000007a7b50000, 0x00000007ace70000, 0x00000007fae00000)
   the space 85120K,   0% used [0x00000007a7b50000, 0x00000007a7b50000, 0x00000007a7b50200, 0x00000007ace70000)
 compacting perm gen  total 21248K, used 6152K [0x00000007fae00000, 0x00000007fc2c0000, 0x0000000800000000)
   the space 21248K,  28% used [0x00000007fae00000, 0x00000007fb402180, 0x00000007fb402200, 0x00000007fc2c0000)
No shared spaces configured.

Card table byte_map: [0x00007fe938008000,0x00007fe938418000] byte_map_base: 0x00007fe934417000

Polling page: 0x00007fe943162000

Code Cache  [0x00007fe938418000, 0x00007fe938688000, 0x00007fe93b418000)
 total_blobs=222 nmethods=24 adapters=160 free_code_cache=48661Kb largest_free_block=49788160

Compilation events (10 events):
Event: 0.794 Thread 0x00007fe93c09c000   20             java.lang.String::startsWith (7 bytes)
Event: 0.796 Thread 0x00007fe93c09c000 nmethod 20 0x00007fe93847d410 code [0x00007fe93847d560, 0x00007fe93847d7f8]
Event: 0.861 Thread 0x00007fe93c09a000   21             java.util.ArrayList::size (5 bytes)
Event: 0.861 Thread 0x00007fe93c09a000 nmethod 21 0x00007fe938484b10 code [0x00007fe938484c40, 0x00007fe938484c98]
Event: 0.861 Thread 0x00007fe93c09a000   22  s!         sun.misc.URLClassPath::getLoader (154 bytes)
Event: 0.871 Thread 0x00007fe93c09c000   23             sun.misc.URLClassPath::getResource (74 bytes)
Event: 0.899 Thread 0x00007fe93c09a000 nmethod 22 0x00007fe93848f510 code [0x00007fe93848f740, 0x00007fe9384907d0]
Event: 0.952 Thread 0x00007fe93c09a000   24   !         sun.misc.URLClassPath$JarLoader::getResource (91 bytes)
Event: 0.962 Thread 0x00007fe93c09a000 nmethod 24 0x00007fe93848ced0 code [0x00007fe93848d0e0, 0x00007fe93848d6c0]
Event: 1.033 Thread 0x00007fe93c09c000 nmethod 23 0x00007fe938495f10 code [0x00007fe938496440, 0x00007fe938499930]

GC Heap History (0 events):
No events

Deoptimization events (0 events):
No events

Internal exceptions (10 events):
Event: 0.943 Thread 0x00007fe93c00d000 Threw 0x000000077eefbc60 at /HUDSON/workspace/7u-2-build-linux-amd64@2/jdk7u51/527/hotspot/src/share/vm/prims/jvm.cpp:1244
Event: 0.943 Thread 0x00007fe93c00d000 Threw 0x000000077eeffd00 at /HUDSON/workspace/7u-2-build-linux-amd64@2/jdk7u51/527/hotspot/src/share/vm/prims/jvm.cpp:1244
Event: 0.949 Thread 0x00007fe93c00d000 Threw 0x000000077ef05cc0 at /HUDSON/workspace/7u-2-build-linux-amd64@2/jdk7u51/527/hotspot/src/share/vm/prims/jvm.cpp:1244
Event: 0.962 Thread 0x00007fe93c00d000 Threw 0x000000077ef11710 at /HUDSON/workspace/7u-2-build-linux-amd64@2/jdk7u51/527/hotspot/src/share/vm/prims/jvm.cpp:1244
Event: 0.963 Thread 0x00007fe93c00d000 Threw 0x000000077ef16338 at /HUDSON/workspace/7u-2-build-linux-amd64@2/jdk7u51/527/hotspot/src/share/vm/prims/jvm.cpp:1244
Event: 0.965 Thread 0x00007fe93c00d000 Threw 0x000000077ef20c90 at /HUDSON/workspace/7u-2-build-linux-amd64@2/jdk7u51/527/hotspot/src/share/vm/prims/jvm.cpp:1244
Event: 0.974 Thread 0x00007fe93c00d000 Threw 0x000000077ef49eb0 at /HUDSON/workspace/7u-2-build-linux-amd64@2/jdk7u51/527/hotspot/src/share/vm/prims/jvm.cpp:1244
Event: 0.975 Thread 0x00007fe93c00d000 Threw 0x000000077ef4d188 at /HUDSON/workspace/7u-2-build-linux-amd64@2/jdk7u51/527/hotspot/src/share/vm/prims/jvm.cpp:1244
Event: 0.976 Thread 0x00007fe93c00d000 Threw 0x000000077ef51fe8 at /HUDSON/workspace/7u-2-build-linux-amd64@2/jdk7u51/527/hotspot/src/share/vm/prims/jvm.cpp:1244
Event: 0.980 Thread 0x00007fe93c00d000 Threw 0x000000077ef555a8 at /HUDSON/workspace/7u-2-build-linux-amd64@2/jdk7u51/527/hotspot/src/share/vm/prims/jvm.cpp:1244

Events (10 events):
Event: 5115.257 Executing VM operation: ChangeBreakpoints
Event: 5115.257 Executing VM operation: ChangeBreakpoints done
Event: 5115.257 Executing VM operation: ChangeBreakpoints
Event: 5115.257 Executing VM operation: ChangeBreakpoints done
Event: 5258.122 Executing VM operation: ChangeBreakpoints
Event: 5258.122 Executing VM operation: ChangeBreakpoints done
Event: 5258.122 Executing VM operation: ChangeBreakpoints
Event: 5258.122 Executing VM operation: ChangeBreakpoints done
Event: 5258.125 Executing VM operation: RedefineClasses
Event: 5258.126 Executing VM operation: RedefineClasses done


Dynamic libraries:
00400000-00401000 r-xp 00000000 08:01 2232197                            /usr/local/java/jdk1.7.0_51/bin/java
00600000-00601000 rw-p 00000000 08:01 2232197                            /usr/local/java/jdk1.7.0_51/bin/java
018bb000-01b39000 rw-p 00000000 00:00 0                                  [heap]
77e200000-780b90000 rw-p 00000000 00:00 0 
780b90000-7a7b50000 rw-p 00000000 00:00 0 
7a7b50000-7ace70000 rw-p 00000000 00:00 0 
7ace70000-7fae00000 rw-p 00000000 00:00 0 
7fae00000-7fc2c0000 rw-p 00000000 00:00 0 
7fc2c0000-800000000 rw-p 00000000 00:00 0 
7fe918000000-7fe918021000 rw-p 00000000 00:00 0 
7fe918021000-7fe91c000000 ---p 00000000 00:00 0 
7fe91c000000-7fe91c29f000 rw-p 00000000 00:00 0 
7fe91c29f000-7fe920000000 ---p 00000000 00:00 0 
7fe920000000-7fe920021000 rw-p 00000000 00:00 0 
7fe920021000-7fe924000000 ---p 00000000 00:00 0 
7fe924000000-7fe924021000 rw-p 00000000 00:00 0 
7fe924021000-7fe928000000 ---p 00000000 00:00 0 
7fe928000000-7fe928021000 rw-p 00000000 00:00 0 
7fe928021000-7fe92c000000 ---p 00000000 00:00 0 
7fe92c000000-7fe92c021000 rw-p 00000000 00:00 0 
7fe92c021000-7fe930000000 ---p 00000000 00:00 0 
7fe930000000-7fe930021000 rw-p 00000000 00:00 0 
7fe930021000-7fe934000000 ---p 00000000 00:00 0 
7fe936ade000-7fe936d23000 rw-p 00000000 00:00 0 
7fe936d23000-7fe936d94000 r--s 00658000 08:01 1333099                    /home/kishon/learnspace/scalasbt/lib/scala-library-2.10.0.jar
7fe936d94000-7fe936d9d000 r--s 00067000 08:01 2367418                    /usr/local/java/jdk1.7.0_51/jre/lib/javaws.jar
7fe936d9d000-7fe936e2c000 r--s 00de3000 08:01 2367422                    /usr/local/java/jdk1.7.0_51/jre/lib/jfxrt.jar
7fe936e2c000-7fe936e2d000 ---p 00000000 00:00 0 
7fe936e2d000-7fe936f2d000 rw-p 00000000 00:00 0                          [stack:15268]
7fe936f2d000-7fe936f30000 ---p 00000000 00:00 0 
7fe936f30000-7fe93702e000 rw-p 00000000 00:00 0                          [stack:15267]
7fe93702e000-7fe937031000 ---p 00000000 00:00 0 
7fe937031000-7fe93712f000 rw-p 00000000 00:00 0                          [stack:15266]
7fe93712f000-7fe937132000 ---p 00000000 00:00 0 
7fe937132000-7fe937230000 rw-p 00000000 00:00 0                          [stack:15265]
7fe937230000-7fe937233000 ---p 00000000 00:00 0 
7fe937233000-7fe937331000 rw-p 00000000 00:00 0                          [stack:15264]
7fe937331000-7fe937334000 ---p 00000000 00:00 0 
7fe937334000-7fe937432000 rw-p 00000000 00:00 0                          [stack:15262]
7fe937432000-7fe937435000 ---p 00000000 00:00 0 
7fe937435000-7fe937533000 rw-p 00000000 00:00 0                          [stack:15261]
7fe937533000-7fe937537000 r-xp 00000000 08:01 2367380                    /usr/local/java/jdk1.7.0_51/jre/lib/amd64/libdt_socket.so
7fe937537000-7fe937736000 ---p 00004000 08:01 2367380                    /usr/local/java/jdk1.7.0_51/jre/lib/amd64/libdt_socket.so
7fe937736000-7fe937737000 rw-p 00003000 08:01 2367380                    /usr/local/java/jdk1.7.0_51/jre/lib/amd64/libdt_socket.so
7fe937737000-7fe93773a000 ---p 00000000 00:00 0 
7fe93773a000-7fe937838000 rw-p 00000000 00:00 0                          [stack:15259]
7fe937838000-7fe93783b000 ---p 00000000 00:00 0 
7fe93783b000-7fe937939000 rw-p 00000000 00:00 0                          [stack:15258]
7fe937939000-7fe93793c000 ---p 00000000 00:00 0 
7fe93793c000-7fe937a3a000 rw-p 00000000 00:00 0                          [stack:15257]
7fe937a3a000-7fe937a3b000 ---p 00000000 00:00 0 
7fe937a3b000-7fe937b3b000 rw-p 00000000 00:00 0                          [stack:15256]
7fe937b3b000-7fe937cf8000 r--s 039bf000 08:01 2367420                    /usr/local/java/jdk1.7.0_51/jre/lib/rt.jar
7fe937cf8000-7fe937d98000 rw-p 00000000 00:00 0 
7fe937d98000-7fe938008000 rw-p 00000000 00:00 0 
7fe938008000-7fe93801d000 rw-p 00000000 00:00 0 
7fe93801d000-7fe938154000 rw-p 00000000 00:00 0 
7fe938154000-7fe93817f000 rw-p 00000000 00:00 0 
7fe93817f000-7fe9383ee000 rw-p 00000000 00:00 0 
7fe9383ee000-7fe9383f9000 rw-p 00000000 00:00 0 
7fe9383f9000-7fe938417000 rw-p 00000000 00:00 0 
7fe938417000-7fe938418000 rw-p 00000000 00:00 0 
7fe938418000-7fe938688000 rwxp 00000000 00:00 0 
7fe938688000-7fe93b418000 rw-p 00000000 00:00 0 
7fe93b418000-7fe93b432000 r-xp 00000000 08:01 2367410                    /usr/local/java/jdk1.7.0_51/jre/lib/amd64/libzip.so
7fe93b432000-7fe93b632000 ---p 0001a000 08:01 2367410                    /usr/local/java/jdk1.7.0_51/jre/lib/amd64/libzip.so
7fe93b632000-7fe93b633000 rw-p 0001a000 08:01 2367410                    /usr/local/java/jdk1.7.0_51/jre/lib/amd64/libzip.so
7fe93b633000-7fe93c000000 r--p 00000000 08:01 2234036                    /usr/lib/locale/locale-archive
7fe93c000000-7fe93c238000 rw-p 00000000 00:00 0 
7fe93c238000-7fe940000000 ---p 00000000 00:00 0 
7fe940003000-7fe94001c000 r--s 001dc000 08:01 2367349                    /usr/local/java/jdk1.7.0_51/jre/lib/deploy.jar
7fe94001c000-7fe940026000 r--s 00250000 08:01 2367350                    /usr/local/java/jdk1.7.0_51/jre/lib/resources.jar
7fe940026000-7fe9400ff000 rw-p 00000000 00:00 0 
7fe9400ff000-7fe94011e000 rw-p 00000000 00:00 0 
7fe94011e000-7fe94012a000 r-xp 00000000 08:01 2101054                    /lib/x86_64-linux-gnu/libnss_files-2.17.so
7fe94012a000-7fe940329000 ---p 0000c000 08:01 2101054                    /lib/x86_64-linux-gnu/libnss_files-2.17.so
7fe940329000-7fe94032a000 r--p 0000b000 08:01 2101054                    /lib/x86_64-linux-gnu/libnss_files-2.17.so
7fe94032a000-7fe94032b000 rw-p 0000c000 08:01 2101054                    /lib/x86_64-linux-gnu/libnss_files-2.17.so
7fe94032b000-7fe940336000 r-xp 00000000 08:01 2101049                    /lib/x86_64-linux-gnu/libnss_nis-2.17.so
7fe940336000-7fe940535000 ---p 0000b000 08:01 2101049                    /lib/x86_64-linux-gnu/libnss_nis-2.17.so
7fe940535000-7fe940536000 r--p 0000a000 08:01 2101049                    /lib/x86_64-linux-gnu/libnss_nis-2.17.so
7fe940536000-7fe940537000 rw-p 0000b000 08:01 2101049                    /lib/x86_64-linux-gnu/libnss_nis-2.17.so
7fe940537000-7fe94054e000 r-xp 00000000 08:01 2097966                    /lib/x86_64-linux-gnu/libnsl-2.17.so
7fe94054e000-7fe94074d000 ---p 00017000 08:01 2097966                    /lib/x86_64-linux-gnu/libnsl-2.17.so
7fe94074d000-7fe94074e000 r--p 00016000 08:01 2097966                    /lib/x86_64-linux-gnu/libnsl-2.17.so
7fe94074e000-7fe94074f000 rw-p 00017000 08:01 2097966                    /lib/x86_64-linux-gnu/libnsl-2.17.so
7fe94074f000-7fe940751000 rw-p 00000000 00:00 0 
7fe940751000-7fe940759000 r-xp 00000000 08:01 2100996                    /lib/x86_64-linux-gnu/libnss_compat-2.17.so
7fe940759000-7fe940958000 ---p 00008000 08:01 2100996                    /lib/x86_64-linux-gnu/libnss_compat-2.17.so
7fe940958000-7fe940959000 r--p 00007000 08:01 2100996                    /lib/x86_64-linux-gnu/libnss_compat-2.17.so
7fe940959000-7fe94095a000 rw-p 00008000 08:01 2100996                    /lib/x86_64-linux-gnu/libnss_compat-2.17.so
7fe94095a000-7fe94095d000 r-xp 00000000 08:01 2367371                    /usr/local/java/jdk1.7.0_51/jre/lib/amd64/libnpt.so
7fe94095d000-7fe940b5c000 ---p 00003000 08:01 2367371                    /usr/local/java/jdk1.7.0_51/jre/lib/amd64/libnpt.so
7fe940b5c000-7fe940b5d000 rw-p 00002000 08:01 2367371                    /usr/local/java/jdk1.7.0_51/jre/lib/amd64/libnpt.so
7fe940b5d000-7fe940b96000 r-xp 00000000 08:01 2367413                    /usr/local/java/jdk1.7.0_51/jre/lib/amd64/libjdwp.so
7fe940b96000-7fe940d96000 ---p 00039000 08:01 2367413                    /usr/local/java/jdk1.7.0_51/jre/lib/amd64/libjdwp.so
7fe940d96000-7fe940d97000 rw-p 00039000 08:01 2367413                    /usr/local/java/jdk1.7.0_51/jre/lib/amd64/libjdwp.so
7fe940d97000-7fe940d98000 rw-p 00000000 00:00 0 
7fe940d98000-7fe940dc1000 r-xp 00000000 08:01 2367397                    /usr/local/java/jdk1.7.0_51/jre/lib/amd64/libjava.so
7fe940dc1000-7fe940fc1000 ---p 00029000 08:01 2367397                    /usr/local/java/jdk1.7.0_51/jre/lib/amd64/libjava.so
7fe940fc1000-7fe940fc3000 rw-p 00029000 08:01 2367397                    /usr/local/java/jdk1.7.0_51/jre/lib/amd64/libjava.so
7fe940fc3000-7fe940fd0000 r-xp 00000000 08:01 2367395                    /usr/local/java/jdk1.7.0_51/jre/lib/amd64/libverify.so
7fe940fd0000-7fe9411cf000 ---p 0000d000 08:01 2367395                    /usr/local/java/jdk1.7.0_51/jre/lib/amd64/libverify.so
7fe9411cf000-7fe9411d1000 rw-p 0000c000 08:01 2367395                    /usr/local/java/jdk1.7.0_51/jre/lib/amd64/libverify.so
7fe9411d1000-7fe9411d8000 r-xp 00000000 08:01 2101056                    /lib/x86_64-linux-gnu/librt-2.17.so
7fe9411d8000-7fe9413d7000 ---p 00007000 08:01 2101056                    /lib/x86_64-linux-gnu/librt-2.17.so
7fe9413d7000-7fe9413d8000 r--p 00006000 08:01 2101056                    /lib/x86_64-linux-gnu/librt-2.17.so
7fe9413d8000-7fe9413d9000 rw-p 00007000 08:01 2101056                    /lib/x86_64-linux-gnu/librt-2.17.so
7fe9413d9000-7fe9414dc000 r-xp 00000000 08:01 2101006                    /lib/x86_64-linux-gnu/libm-2.17.so
7fe9414dc000-7fe9416db000 ---p 00103000 08:01 2101006                    /lib/x86_64-linux-gnu/libm-2.17.so
7fe9416db000-7fe9416dc000 r--p 00102000 08:01 2101006                    /lib/x86_64-linux-gnu/libm-2.17.so
7fe9416dc000-7fe9416dd000 rw-p 00103000 08:01 2101006                    /lib/x86_64-linux-gnu/libm-2.17.so
7fe9416dd000-7fe94223f000 r-xp 00000000 08:01 2499883                    /usr/local/java/jdk1.7.0_51/jre/lib/amd64/server/libjvm.so
7fe94223f000-7fe94243f000 ---p 00b62000 08:01 2499883                    /usr/local/java/jdk1.7.0_51/jre/lib/amd64/server/libjvm.so
7fe94243f000-7fe942502000 rw-p 00b62000 08:01 2499883                    /usr/local/java/jdk1.7.0_51/jre/lib/amd64/server/libjvm.so
7fe942502000-7fe942543000 rw-p 00000000 00:00 0 
7fe942543000-7fe942700000 r-xp 00000000 08:01 2101154                    /lib/x86_64-linux-gnu/libc-2.17.so
7fe942700000-7fe942900000 ---p 001bd000 08:01 2101154                    /lib/x86_64-linux-gnu/libc-2.17.so
7fe942900000-7fe942904000 r--p 001bd000 08:01 2101154                    /lib/x86_64-linux-gnu/libc-2.17.so
7fe942904000-7fe942906000 rw-p 001c1000 08:01 2101154                    /lib/x86_64-linux-gnu/libc-2.17.so
7fe942906000-7fe94290b000 rw-p 00000000 00:00 0 
7fe94290b000-7fe94290e000 r-xp 00000000 08:01 2101157                    /lib/x86_64-linux-gnu/libdl-2.17.so
7fe94290e000-7fe942b0d000 ---p 00003000 08:01 2101157                    /lib/x86_64-linux-gnu/libdl-2.17.so
7fe942b0d000-7fe942b0e000 r--p 00002000 08:01 2101157                    /lib/x86_64-linux-gnu/libdl-2.17.so
7fe942b0e000-7fe942b0f000 rw-p 00003000 08:01 2101157                    /lib/x86_64-linux-gnu/libdl-2.17.so
7fe942b0f000-7fe942b25000 r-xp 00000000 08:01 2232262                    /usr/local/java/jdk1.7.0_51/lib/amd64/jli/libjli.so
7fe942b25000-7fe942d25000 ---p 00016000 08:01 2232262                    /usr/local/java/jdk1.7.0_51/lib/amd64/jli/libjli.so
7fe942d25000-7fe942d26000 rw-p 00016000 08:01 2232262                    /usr/local/java/jdk1.7.0_51/lib/amd64/jli/libjli.so
7fe942d26000-7fe942d3d000 r-xp 00000000 08:01 2101161                    /lib/x86_64-linux-gnu/libpthread-2.17.so
7fe942d3d000-7fe942f3d000 ---p 00017000 08:01 2101161                    /lib/x86_64-linux-gnu/libpthread-2.17.so
7fe942f3d000-7fe942f3e000 r--p 00017000 08:01 2101161                    /lib/x86_64-linux-gnu/libpthread-2.17.so
7fe942f3e000-7fe942f3f000 rw-p 00018000 08:01 2101161                    /lib/x86_64-linux-gnu/libpthread-2.17.so
7fe942f3f000-7fe942f43000 rw-p 00000000 00:00 0 
7fe942f43000-7fe942f66000 r-xp 00000000 08:01 2101038                    /lib/x86_64-linux-gnu/ld-2.17.so
7fe942f67000-7fe942f69000 rw-p 00000000 00:00 0 
7fe942f69000-7fe942f7c000 r--s 000d4000 08:01 2367243                    /usr/local/java/jdk1.7.0_51/jre/lib/plugin.jar
7fe942f7c000-7fe942f87000 r--s 0037c000 08:01 2367244                    /usr/local/java/jdk1.7.0_51/jre/lib/charsets.jar
7fe942f87000-7fe942f91000 rw-p 00000000 00:00 0 
7fe942f91000-7fe943047000 rw-p 00000000 00:00 0 
7fe943047000-7fe94304a000 ---p 00000000 00:00 0 
7fe94304a000-7fe94314c000 rw-p 00000000 00:00 0                          [stack:15255]
7fe94314c000-7fe943152000 r--s 0007d000 08:01 2367352                    /usr/local/java/jdk1.7.0_51/jre/lib/jfr.jar
7fe943152000-7fe943153000 r--s 00000000 08:01 2367417                    /usr/local/java/jdk1.7.0_51/jre/lib/management-agent.jar
7fe943153000-7fe943157000 r--s 0008a000 08:01 2367345                    /usr/local/java/jdk1.7.0_51/jre/lib/jsse.jar
7fe943157000-7fe943159000 r--s 00019000 08:01 2367435                    /usr/local/java/jdk1.7.0_51/jre/lib/jce.jar
7fe943159000-7fe943161000 rw-s 00000000 08:01 1333197                    /tmp/hsperfdata_kishon/15254
7fe943161000-7fe943162000 rw-p 00000000 00:00 0 
7fe943162000-7fe943163000 r--p 00000000 00:00 0 
7fe943163000-7fe943165000 rw-p 00000000 00:00 0 
7fe943165000-7fe943166000 r--p 00022000 08:01 2101038                    /lib/x86_64-linux-gnu/ld-2.17.so
7fe943166000-7fe943168000 rw-p 00023000 08:01 2101038                    /lib/x86_64-linux-gnu/ld-2.17.so
7fffa2297000-7fffa22b8000 rw-p 00000000 00:00 0                          [stack]
7fffa2331000-7fffa2333000 r-xp 00000000 00:00 0                          [vdso]
ffffffffff600000-ffffffffff601000 r-xp 00000000 00:00 0                  [vsyscall]

VM Arguments:
jvm_args: -agentlib:jdwp=transport=dt_socket,address=127.0.0.1:48646,suspend=y,server=n -Dfile.encoding=UTF-8 
java_command: Converter
Launcher Type: SUN_STANDARD

Environment Variables:
JAVA_HOME=/usr/local/java/jdk1.7.0_51
CLASSPATH=/home/kishon/opt/idea-IU-135.480/bin/../lib/bootstrap.jar:/home/kishon/opt/idea-IU-135.480/bin/../lib/extensions.jar:/home/kishon/opt/idea-IU-135.480/bin/../lib/util.jar:/home/kishon/opt/idea-IU-135.480/bin/../lib/jdom.jar:/home/kishon/opt/idea-IU-135.480/bin/../lib/log4j.jar:/home/kishon/opt/idea-IU-135.480/bin/../lib/trove4j.jar:/home/kishon/opt/idea-IU-135.480/bin/../lib/jna.jar:/usr/local/java/jdk1.7.0_51/lib/tools.jar
PATH=/usr/lib/lightdm/lightdm:/usr/local/sbin:/usr/local/bin:/usr/sbin:/usr/bin:/sbin:/bin:/usr/games:/usr/local/games:/home/kishon/bin:/usr/local/java/jdk1.7.0_51/bin:/usr/share/tomcat7/bin:/home/kishon/bin:/usr/local/java/jdk1.7.0_51/bin:/usr/share/tomcat7/bin
LD_LIBRARY_PATH=/home/kishon/opt/idea-IU-135.480/bin:
SHELL=/bin/bash
DISPLAY=:0.0

Signal Handlers:
SIGSEGV: [libjvm.so+0x993870], sa_mask[0]=0x7ffbfeff, sa_flags=0x10000004
SIGBUS: [libjvm.so+0x993870], sa_mask[0]=0x7ffbfeff, sa_flags=0x10000004
SIGFPE: [libjvm.so+0x8105b0], sa_mask[0]=0x7ffbfeff, sa_flags=0x10000004
SIGPIPE: [libjvm.so+0x8105b0], sa_mask[0]=0x7ffbfeff, sa_flags=0x10000004
SIGXFSZ: [libjvm.so+0x8105b0], sa_mask[0]=0x7ffbfeff, sa_flags=0x10000004
SIGILL: [libjvm.so+0x8105b0], sa_mask[0]=0x7ffbfeff, sa_flags=0x10000004
SIGUSR1: SIG_DFL, sa_mask[0]=0x00000000, sa_flags=0x00000000
SIGUSR2: [libjvm.so+0x811aa0], sa_mask[0]=0x00000004, sa_flags=0x10000004
SIGHUP: [libjvm.so+0x812a10], sa_mask[0]=0x7ffbfeff, sa_flags=0x10000004
SIGINT: SIG_IGN, sa_mask[0]=0x00000000, sa_flags=0x00000000
SIGTERM: [libjvm.so+0x812a10], sa_mask[0]=0x7ffbfeff, sa_flags=0x10000004
SIGQUIT: [libjvm.so+0x812a10], sa_mask[0]=0x7ffbfeff, sa_flags=0x10000004


---------------  S Y S T E M  ---------------

OS:wheezy/sid

uname:Linux 3.11.0-20-generic #35-Ubuntu SMP Fri May 2 21:32:49 UTC 2014 x86_64
libc:glibc 2.17 NPTL 2.17 
rlimit: STACK 8192k, CORE 0k, NPROC 63671, NOFILE 4096, AS infinity
load average:0.10 0.10 0.11

/proc/meminfo:
MemTotal:        8170112 kB
MemFree:         3415340 kB
Buffers:          451524 kB
Cached:          1617872 kB
SwapCached:            0 kB
Active:          2845700 kB
Inactive:        1087400 kB
Active(anon):    1865464 kB
Inactive(anon):    17780 kB
Active(file):     980236 kB
Inactive(file):  1069620 kB
Unevictable:          96 kB
Mlocked:              96 kB
SwapTotal:       2094076 kB
SwapFree:        2094076 kB
Dirty:               472 kB
Writeback:             0 kB
AnonPages:       1863816 kB
Mapped:           188824 kB
Shmem:             19540 kB
Slab:             701520 kB
SReclaimable:     665860 kB
SUnreclaim:        35660 kB
KernelStack:        6032 kB
PageTables:        32404 kB
NFS_Unstable:          0 kB
Bounce:                0 kB
WritebackTmp:          0 kB
CommitLimit:     6179132 kB
Committed_AS:    4427836 kB
VmallocTotal:   34359738367 kB
VmallocUsed:      305344 kB
VmallocChunk:   34359418880 kB
HardwareCorrupted:     0 kB
AnonHugePages:         0 kB
HugePages_Total:       0
HugePages_Free:        0
HugePages_Rsvd:        0
HugePages_Surp:        0
Hugepagesize:       2048 kB
DirectMap4k:       49024 kB
DirectMap2M:     8339456 kB


CPU:total 1 (1 cores per cpu, 1 threads per core) family 6 model 58 stepping 9, cmov, cx8, fxsr, mmx, sse, sse2, sse3, ssse3, sse4.1, sse4.2, popcnt, avx, aes, erms, tsc, tscinvbit, tscinv

/proc/cpuinfo:
processor	: 0
vendor_id	: GenuineIntel
cpu family	: 6
model		: 58
model name	: Intel(R) Core(TM) i7-3840QM CPU @ 2.80GHz
stepping	: 9
microcode	: 0x19
cpu MHz		: 2793.699
cache size	: 8192 KB
fpu		: yes
fpu_exception	: yes
cpuid level	: 13
wp		: yes
flags		: fpu vme de pse tsc msr pae mce cx8 apic sep mtrr pge mca cmov pat pse36 clflush dts mmx fxsr sse sse2 ss syscall nx rdtscp lm constant_tsc arch_perfmon pebs bts nopl xtopology tsc_reliable nonstop_tsc aperfmperf eagerfpu pni pclmulqdq ssse3 cx16 pcid sse4_1 sse4_2 x2apic popcnt aes xsave avx f16c rdrand hypervisor lahf_lm ida arat epb xsaveopt pln pts dtherm fsgsbase smep
bogomips	: 5587.39
clflush size	: 64
cache_alignment	: 64
address sizes	: 40 bits physical, 48 bits virtual
power management:



Memory: 4k page, physical 8170112k(3415340k free), swap 2094076k(2094076k free)

vm_info: Java HotSpot(TM) 64-Bit Server VM (24.51-b03) for linux-amd64 JRE (1.7.0_51-b13), built on Dec 18 2013 18:48:01 by "java_re" with gcc 4.3.0 20080428 (Red Hat 4.3.0-8)

time: Fri May 16 01:18:57 2014
elapsed time: 5258 seconds

